AppLocker/pinlockview/build/intermediates/manifest_merge_blame_file/debug/manifest-merger-blame-debug-report.txt
1<?xml version="1.0" encoding="utf-8"?>
2<manifest xmlns:android="http://schemas.android.com/apk/res/android"
3    package="com.andrognito.pinlockview"
4    android:versionCode="5"
5    android:versionName="2.1.0" >
6
7    <uses-sdk
8        android:minSdkVersion="17"
8-->src\main\AndroidManifest.xml
9        android:targetSdkVersion="29" />
9-->src\main\AndroidManifest.xml
10
11    <application android:label="@string/app_name" />
11-->src\main\AndroidManifest.xml:4:5-5:44
11-->src\main\AndroidManifest.xml:5:9-41
12
13</manifest>